#
# A fatal error has been detected by the Java Runtime Environment:
#
#  EXCEPTION_ACCESS_VIOLATION (0xc0000005) at pc=0x000000005719c4fb, pid=20772, tid=20624
#
# JRE version: 7.0_04-b22
# Java VM: Java HotSpot(TM) 64-Bit Server VM (23.0-b21 mixed mode windows-amd64 compressed oops)
# Problematic frame:
# V  [jvm.dll+0x11c4fb]
#
# Failed to write core dump. Minidumps are not enabled by default on client versions of Windows
#
# If you would like to submit a bug report, please visit:
#   http://bugreport.sun.com/bugreport/crash.jsp
#

---------------  T H R E A D  ---------------

Current thread (0x000000000e63b800):  JavaThread "JDWP Transport Listener: dt_socket" daemon [_thread_in_vm, id=20624, stack(0x000000000f970000,0x000000000fa70000)]

siginfo: ExceptionCode=0xc0000005, reading address 0x00000000ffffffff

Registers:
RAX=0x000000000fa6f201, RBX=0x000000000e63b800, RCX=0x00000000492e6c69, RDX=0x000000000e63b800
RSP=0x000000000fa6f250, RBP=0x00000000492e6c69, RSI=0x000000000fa6f368, RDI=0x000000000219da60
R8 =0x000000000fa6f368, R9 =0x000000000000ff00, R10=0x000000006567616d, R11=0x00000000008c0013
R12=0x0000000000000000, R13=0x0000000000000000, R14=0x0000000000000000, R15=0x0000000000000000
RIP=0x000000005719c4fb, EFLAGS=0x0000000000010206

Top of Stack: (sp=0x000000000fa6f250)
0x000000000fa6f250:   000000000e63b800 000000000e62d780
0x000000000fa6f260:   000000000fa6f318 0000000057322549
0x000000000fa6f270:   000000000e63b800 000000005733df12
0x000000000fa6f280:   000000000000004e 000000000e63b800
0x000000000fa6f290:   00000000100a1390 0000000065bb264e
0x000000000fa6f2a0:   000000000e63b800 0000000000000000
0x000000000fa6f2b0:   0000000000000000 0000000000000000
0x000000000fa6f2c0:   6567616d492e6c69 0000000065bb1745
0x000000000fa6f2d0:   000000000fa6f368 000000000fa6f340
0x000000000fa6f2e0:   0000000000000001 00000000100a1390
0x000000000fa6f2f0:   6567616d492e6c69 0000000065b953b3
0x000000000fa6f300:   000000000fa6f430 0000000000000001
0x000000000fa6f310:   0000000000000001 00000000100a1390
0x000000000fa6f320:   0000000000000009 0000000000000000
0x000000000fa6f330:   0000000000000000 0000000000000000
0x000000000fa6f340:   0000000000000001 0000000065b95571 

Instructions: (pc=0x000000005719c4fb)
0x000000005719c4db:   48 8b 5c 24 30 48 89 47 18 48 83 c4 20 5f c3 cc
0x000000005719c4eb:   cc cc cc cc cc 40 53 48 83 ec 20 48 85 c9 74 54
0x000000005719c4fb:   48 8b 19 48 85 db 74 4c 48 b8 fe fe fe fe fe fe
0x000000005719c50b:   fe fe 48 3b d8 74 3d 80 3d 8f c7 58 00 00 74 15 


Register to memory mapping:

RAX=0x000000000fa6f201 is pointing into the stack for thread: 0x000000000e63b800
RBX=0x000000000e63b800 is a thread
RCX=0x00000000492e6c69 is an unknown value
RDX=0x000000000e63b800 is a thread
RSP=0x000000000fa6f250 is pointing into the stack for thread: 0x000000000e63b800
RBP=0x00000000492e6c69 is an unknown value
RSI=0x000000000fa6f368 is pointing into the stack for thread: 0x000000000e63b800
RDI=0x000000000219da60 is an unknown value
R8 =0x000000000fa6f368 is pointing into the stack for thread: 0x000000000e63b800
R9 =0x000000000000ff00 is an unknown value
R10=0x000000006567616d is an unknown value
R11=0x00000000008c0013 is an unknown value
R12=0x0000000000000000 is an unknown value
R13=0x0000000000000000 is an unknown value
R14=0x0000000000000000 is an unknown value
R15=0x0000000000000000 is an unknown value


Stack: [0x000000000f970000,0x000000000fa70000],  sp=0x000000000fa6f250,  free space=1020k
Native frames: (J=compiled Java code, j=interpreted, Vv=VM code, C=native code)
V  [jvm.dll+0x11c4fb]


---------------  P R O C E S S  ---------------

Java Threads: ( => current thread )
  0x00000000109b1000 JavaThread "Java2D Disposer" daemon [_thread_blocked, id=13452, stack(0x0000000011230000,0x0000000011330000)]
  0x0000000010246800 JavaThread "Service Thread" daemon [_thread_blocked, id=19632, stack(0x000000000fbf0000,0x000000000fcf0000)]
  0x0000000010241800 JavaThread "C2 CompilerThread1" daemon [_thread_blocked, id=19112, stack(0x0000000010650000,0x0000000010750000)]
  0x000000001023e800 JavaThread "C2 CompilerThread0" daemon [_thread_blocked, id=19664, stack(0x0000000010520000,0x0000000010620000)]
  0x000000000e649800 JavaThread "JDWP Command Reader" daemon [_thread_in_native, id=21484, stack(0x000000000ffa0000,0x00000000100a0000)]
  0x000000000e646000 JavaThread "JDWP Event Helper Thread" daemon [_thread_blocked, id=20740, stack(0x000000000fdc0000,0x000000000fec0000)]
=>0x000000000e63b800 JavaThread "JDWP Transport Listener: dt_socket" daemon [_thread_in_vm, id=20624, stack(0x000000000f970000,0x000000000fa70000)]
  0x000000000e633000 JavaThread "Attach Listener" daemon [_thread_blocked, id=20932, stack(0x000000000fac0000,0x000000000fbc0000)]
  0x000000000e62b800 JavaThread "Signal Dispatcher" daemon [_thread_blocked, id=16292, stack(0x000000000f870000,0x000000000f970000)]
  0x00000000020ed000 JavaThread "Finalizer" daemon [_thread_blocked, id=17772, stack(0x000000000f6e0000,0x000000000f7e0000)]
  0x00000000020e6000 JavaThread "Reference Handler" daemon [_thread_blocked, id=19756, stack(0x000000000f580000,0x000000000f680000)]
  0x000000000202b000 JavaThread "main" [_thread_blocked, id=20208, stack(0x0000000002400000,0x0000000002500000)]

Other Threads:
  0x000000000e582800 VMThread [stack: 0x000000000f3f0000,0x000000000f4f0000] [id=19212]
  0x0000000010283800 WatcherThread [stack: 0x00000000107c0000,0x00000000108c0000] [id=19104]

VM state:not at safepoint (normal execution)

VM Mutex/Monitor currently owned by a thread: None

Heap
 PSYoungGen      total 57088K, used 8463K [0x00000000c04b0000, 0x00000000c4460000, 0x0000000000000000)
  eden space 48960K, 17% used [0x00000000c04b0000,0x00000000c0cf3f90,0x00000000c3480000)
  from space 8128K, 0% used [0x00000000c3c70000,0x00000000c3c70000,0x00000000c4460000)
  to   space 8128K, 0% used [0x00000000c3480000,0x00000000c3480000,0x00000000c3c70000)
 ParOldGen       total 130496K, used 0K [0x0000000040e00000, 0x0000000048d70000, 0x00000000c04b0000)
  object space 130496K, 0% used [0x0000000040e00000,0x0000000040e00000,0x0000000048d70000)
 PSPermGen       total 21248K, used 4315K [0x000000003bc00000, 0x000000003d0c0000, 0x0000000040e00000)
  object space 21248K, 20% used [0x000000003bc00000,0x000000003c036f40,0x000000003d0c0000)

Code Cache  [0x0000000002600000, 0x0000000002870000, 0x0000000005600000)
 total_blobs=245 nmethods=20 adapters=185 free_code_cache=48656Kb largest_free_block=49798080

Compilation events (10 events):
Event: 3.256 Thread 0x0000000010241800   16             java.lang.Object::<init> (1 bytes)
Event: 3.256 Thread 0x0000000010241800 nmethod 16 0x0000000002665690 code [0x00000000026657c0, 0x0000000002665858]
Event: 3.324 Thread 0x000000001023e800   17             java.lang.String::startsWith (78 bytes)
Event: 3.327 Thread 0x000000001023e800 nmethod 17 0x000000000266edd0 code [0x000000000266ef20, 0x000000000266f2d8]
Event: 3.354 Thread 0x0000000010241800   18             sun.awt.image.ByteInterleavedRaster::putByteData (834 bytes)
Event: 3.389 Thread 0x0000000010241800 nmethod 18 0x0000000002679510 code [0x00000000026796e0, 0x000000000267bd48]
Event: 4.492 Thread 0x000000001023e800   19             sun.net.www.ParseUtil::encodePath (336 bytes)
Event: 4.507 Thread 0x000000001023e800 nmethod 19 0x000000000267d250 code [0x000000000267d4a0, 0x000000000267e568]
Event: 6.171 Thread 0x0000000010241800   20             sun.awt.image.ByteInterleavedRaster::getByteData (851 bytes)
Event: 6.227 Thread 0x0000000010241800 nmethod 20 0x000000000267f090 code [0x000000000267f240, 0x00000000026813b8]

GC Heap History (0 events):
No events

Deoptimization events (0 events):
No events

Internal exceptions (10 events):
Event: 3.138 Thread 0x000000000202b000 Threw 0x00000000c0856bd8 at C:\jdk7u2_64p\jdk7u4\hotspot\src\share\vm\prims\jvm.cpp:1166
Event: 3.153 Thread 0x000000000202b000 Threw 0x00000000c0860368 at C:\jdk7u2_64p\jdk7u4\hotspot\src\share\vm\prims\jvm.cpp:1166
Event: 3.182 Thread 0x000000000202b000 Threw 0x00000000c0879f08 at C:\jdk7u2_64p\jdk7u4\hotspot\src\share\vm\prims\jvm.cpp:1166
Event: 3.321 Thread 0x000000000202b000 Threw 0x00000000c08f99f8 at C:\jdk7u2_64p\jdk7u4\hotspot\src\share\vm\prims\jvm.cpp:1166
Event: 3.323 Thread 0x000000000202b000 Threw 0x00000000c0901498 at C:\jdk7u2_64p\jdk7u4\hotspot\src\share\vm\prims\jvm.cpp:1166
Event: 3.326 Thread 0x000000000202b000 Threw 0x00000000c090b0f0 at C:\jdk7u2_64p\jdk7u4\hotspot\src\share\vm\prims\jvm.cpp:1166
Event: 3.327 Thread 0x000000000202b000 Threw 0x00000000c09130e8 at C:\jdk7u2_64p\jdk7u4\hotspot\src\share\vm\prims\jvm.cpp:1166
Event: 3.329 Thread 0x000000000202b000 Threw 0x00000000c091cb68 at C:\jdk7u2_64p\jdk7u4\hotspot\src\share\vm\prims\jni.cpp:715
Event: 3.329 Thread 0x000000000202b000 Threw 0x00000000c091d398 at C:\jdk7u2_64p\jdk7u4\hotspot\src\share\vm\prims\jni.cpp:715
Event: 4.491 Thread 0x000000000202b000 Threw 0x00000000c0b02ad0 at C:\jdk7u2_64p\jdk7u4\hotspot\src\share\vm\prims\jvm.cpp:1166

Events (10 events):
Event: 430.950 Executing VM operation: ChangeBreakpoints
Event: 430.950 Executing VM operation: ChangeBreakpoints done
Event: 430.955 Executing VM operation: ChangeBreakpoints
Event: 430.955 Executing VM operation: ChangeBreakpoints done
Event: 801.068 Executing VM operation: ChangeBreakpoints
Event: 801.068 Executing VM operation: ChangeBreakpoints done
Event: 971.048 loading class 0x0000000002037d90
Event: 971.048 loading class 0x0000000002037d90 done
Event: 971.049 Executing VM operation: RedefineClasses
Event: 971.049 Executing VM operation: RedefineClasses done


Dynamic libraries:
0x000000003fc30000 - 0x000000003fc63000 	C:\Program Files\Java\jdk1.7.0_04\bin\java.exe
0x0000000077420000 - 0x00000000775c9000 	C:\Windows\SYSTEM32\ntdll.dll
0x0000000077200000 - 0x000000007731f000 	C:\Windows\system32\kernel32.dll
0x00000000fd470000 - 0x00000000fd4dc000 	C:\Windows\system32\KERNELBASE.dll
0x00000000fda90000 - 0x00000000fdb6b000 	C:\Windows\system32\ADVAPI32.dll
0x00000000ff690000 - 0x00000000ff72f000 	C:\Windows\system32\msvcrt.dll
0x00000000fe020000 - 0x00000000fe03f000 	C:\Windows\SYSTEM32\sechost.dll
0x00000000fe040000 - 0x00000000fe16d000 	C:\Windows\system32\RPCRT4.dll
0x0000000077320000 - 0x000000007741a000 	C:\Windows\system32\USER32.dll
0x00000000ff620000 - 0x00000000ff687000 	C:\Windows\system32\GDI32.dll
0x00000000fe7c0000 - 0x00000000fe7ce000 	C:\Windows\system32\LPK.dll
0x00000000fe290000 - 0x00000000fe35a000 	C:\Windows\system32\USP10.dll
0x00000000fbd50000 - 0x00000000fbf44000 	C:\Windows\WinSxS\amd64_microsoft.windows.common-controls_6595b64144ccf1df_6.0.7601.18837_none_fa3b1e3d17594757\COMCTL32.dll
0x00000000fe7e0000 - 0x00000000fe851000 	C:\Windows\system32\SHLWAPI.dll
0x00000000ff5f0000 - 0x00000000ff61e000 	C:\Windows\system32\IMM32.DLL
0x00000000fdf10000 - 0x00000000fe019000 	C:\Windows\system32\MSCTF.dll
0x0000000065180000 - 0x0000000065251000 	C:\Program Files\Java\jdk1.7.0_04\jre\bin\msvcr100.dll
0x0000000057080000 - 0x000000005779a000 	C:\Program Files\Java\jdk1.7.0_04\jre\bin\server\jvm.dll
0x00000000fc250000 - 0x00000000fc259000 	C:\Windows\system32\WSOCK32.dll
0x00000000fd730000 - 0x00000000fd77d000 	C:\Windows\system32\WS2_32.dll
0x00000000fe7d0000 - 0x00000000fe7d8000 	C:\Windows\system32\NSI.dll
0x00000000f91a0000 - 0x00000000f91db000 	C:\Windows\system32\WINMM.dll
0x00000000775e0000 - 0x00000000775e7000 	C:\Windows\system32\PSAPI.DLL
0x0000000067e90000 - 0x0000000067e9f000 	C:\Program Files\Java\jdk1.7.0_04\jre\bin\verify.dll
0x0000000065c30000 - 0x0000000065c58000 	C:\Program Files\Java\jdk1.7.0_04\jre\bin\java.dll
0x0000000065b90000 - 0x0000000065bc5000 	C:\Program Files\Java\jdk1.7.0_04\jre\bin\jdwp.dll
0x00000000664a0000 - 0x00000000664a8000 	C:\Program Files\Java\jdk1.7.0_04\jre\bin\npt.dll
0x0000000065be0000 - 0x0000000065c03000 	C:\Program Files\Java\jdk1.7.0_04\jre\bin\instrument.dll
0x0000000066360000 - 0x0000000066375000 	C:\Program Files\Java\jdk1.7.0_04\jre\bin\zip.dll
0x0000000067e80000 - 0x0000000067e89000 	C:\Program Files\Java\jdk1.7.0_04\jre\bin\dt_socket.dll
0x00000000fcb90000 - 0x00000000fcbe5000 	C:\Windows\system32\mswsock.dll
0x00000000fc550000 - 0x00000000fc557000 	C:\Windows\System32\wshtcpip.dll
0x0000000070e00000 - 0x0000000071068000 	C:\Program Files\Java\jdk1.7.0_04\bin\webp-imageio.dll
0x0000000058270000 - 0x0000000058404000 	C:\Program Files\Java\jdk1.7.0_04\jre\bin\awt.dll
0x00000000fdb70000 - 0x00000000fdc47000 	C:\Windows\system32\OLEAUT32.dll
0x00000000fe360000 - 0x00000000fe563000 	C:\Windows\system32\ole32.dll
0x0000000065d80000 - 0x0000000065db0000 	C:\Program Files\Java\jdk1.7.0_04\jre\bin\jpeg.dll
0x00000000f80a0000 - 0x00000000f81c5000 	C:\Windows\system32\dbghelp.dll

VM Arguments:
jvm_args: -agentlib:jdwp=transport=dt_socket,address=127.0.0.1:65379,suspend=y,server=n -javaagent:C:\Users\xxx\.IntelliJIdea15\system\groovyHotSwap\gragent.jar -Dfile.encoding=UTF-8 
java_command: test.TestJarWay
Launcher Type: SUN_STANDARD

Environment Variables:
JAVA_HOME=C:\Program Files\Java\jdk1.7.0_04
PATH=C:\Program Files (x86)\Common Files\NetSarang;C:\Windows\system32;C:\Windows;C:\Program Files\Java\jdk1.7.0_04\bin;C:\Program Files\Java\jdk1.7.0_04\jre\bin;C:\Program Files (x86)\AMD\ATI.ACE\Core-Static;C:\Program Files\TortoiseGit\bin;C:\Program Files\TortoiseSVN\bin;C:\Program Files (x86)\erl5.9\bin;D:\softWard\rabbitMq\install\RabbitMQ Server\rabbitmq_server-3.3.4\sbin;D:\softWard\webpUtilwindows\libwebp-0.4.4-windows-x86\bin
USERNAME=xxx
OS=Windows_NT
PROCESSOR_IDENTIFIER=Intel64 Family 6 Model 60 Stepping 3, GenuineIntel



---------------  S Y S T E M  ---------------

OS: Windows 7 , 64 bit Build 7601 Service Pack 1

CPU:total 4 (4 cores per cpu, 1 threads per core) family 6 model 60 stepping 3, cmov, cx8, fxsr, mmx, sse, sse2, sse3, ssse3, sse4.1, sse4.2, popcnt, avx, avx2, tsc, tscinvbit

Memory: 4k page, physical 12523668k(3761068k free), swap 25045500k(12900356k free)

vm_info: Java HotSpot(TM) 64-Bit Server VM (23.0-b21) for windows-amd64 JRE (1.7.0_04-b22), built on May  2 2012 23:28:26 by "java_re" with unknown MS VC++:1600

time: Fri Jan 29 12:04:11 2016
elapsed time: 996 seconds

